A;f;g;h;a;n;i;s;t;a;n 1
A;l;b;a;n;i;a 1
A;l;g;e;r;i;a 1
A;n;d;o;r;r;a 1
A;n;g;o;l;a 1
A;n;g;u;i;l;l;a 1
A;n;t;i;g;u;a; ;&; ;B;a;r;b;u;d;a 1
A;r;g;e;n;t;i;n;a 1
A;r;m;e;n;i;a 1
A;u;s;t;r;a;l;i;a 1
A;u;s;t;r;i;a 1
A;z;e;r;b;a;i;j;a;n 1
B;a;h;a;m;a;s 1
B;a;h;r;a;i;n 1
B;a;n;g;l;a;d;e;s;h 1
B;a;r;b;a;d;o;s 1
B;e;l;a;r;u;s 1
B;e;l;g;i;u;m 1
B;e;l;i;z;e 1
B;e;n;i;n 1
B;e;r;m;u;d;a 1
B;h;u;t;a;n 1
B;o;l;i;v;i;a 1
B;o;s;n;i;a; ;&; ;H;e;r;z;e;g;o;v;i;n;a 1
B;o;t;s;w;a;n;a 1
B;r;a;z;i;l 1
B;r;u;n;e;i; ;D;a;r;u;s;s;a;l;a;m 1
B;u;l;g;a;r;i;a 1
B;u;r;k;i;n;a; ;F;a;s;o 1
M;y;a;n;m;a;r;/;B;u;r;m;a 1
B;u;r;u;n;d;i 1
C;a;m;b;o;d;i;a 1
C;a;m;e;r;o;o;n 1
C;a;n;a;d;a 1
C;a;p;e; ;V;e;r;d;e 1
C;a;y;m;a;n; ;I;s;l;a;n;d;s 1
C;e;n;t;r;a;l; ;A;f;r;i;c;a;n; ;R;e;p;u;b;l;i;c 1
C;h;a;d 1
C;h;i;l;e 1
C;h;i;n;a 1
C;o;l;o;m;b;i;a 1
C;o;m;o;r;o;s 1
C;o;n;g;o 1
C;o;s;t;a; ;R;i;c;a 1
C;r;o;a;t;i;a 1
C;u;b;a 1
C;y;p;r;u;s 1
C;z;e;c;h; ;R;e;p;u;b;l;i;c 1
D;e;m;o;c;r;a;t;i;c; ;R;e;p;u;b;l;i;c; ;o;f; ;t;h;e; ;C;o;n;g;o 1
D;e;n;m;a;r;k 1
D;j;i;b;o;u;t;i 1
D;o;m;i;n;i;c;a;n; ;R;e;p;u;b;l;i;c 1
D;o;m;i;n;i;c;a 1
E;c;u;a;d;o;r 1
E;g;y;p;t 1
E;l; ;S;a;l;v;a;d;o;r 1
E;q;u;a;t;o;r;i;a;l; ;G;u;i;n;e;a 1
E;r;i;t;r;e;a 1
E;s;t;o;n;i;a 1
E;t;h;i;o;p;i;a 1
F;i;j;i 1
F;i;n;l;a;n;d 1
F;r;a;n;c;e 1
F;r;e;n;c;h; ;G;u;i;a;n;a 1
G;a;b;o;n 1
G;a;m;b;i;a 1
G;e;o;r;g;i;a 1
G;e;r;m;a;n;y 1
G;h;a;n;a 1
G;r;e;a;t; ;B;r;i;t;a;i;n 1
G;r;e;e;c;e 1
G;r;e;n;a;d;a 1
G;u;a;d;e;l;o;u;p;e 1
G;u;a;t;e;m;a;l;a 1
G;u;i;n;e;a 1
G;u;i;n;e;a;-;B;i;s;s;a;u 1
G;u;y;a;n;a 1
H;a;i;t;i 1
H;o;n;d;u;r;a;s 1
H;u;n;g;a;r;y 1
I;c;e;l;a;n;d 1
I;n;d;i;a 1
I;n;d;o;n;e;s;i;a 1
I;r;a;n 1
I;r;a;q 1
I;s;r;a;e;l; ;a;n;d; ;t;h;e; ;O;c;c;u;p;i;e;d; ;T;e;r;r;i;t;o;r;i;e;s 1
I;t;a;l;y 1
I;v;o;r;y; ;C;o;a;s;t; ;(;C;o;t;e; ;d;';I;v;o;i;r;e;) 1
J;a;m;a;i;c;a 1
J;a;p;a;n 1
J;o;r;d;a;n 1
K;a;z;a;k;h;s;t;a;n 1
K;e;n;y;a 1
K;o;s;o;v;o 1
K;u;w;a;i;t 1
K;y;r;g;y;z; ;R;e;p;u;b;l;i;c; ;(;K;y;r;g;y;z;s;t;a;n;) 1
L;a;o;s 1
L;a;t;v;i;a 1
L;e;b;a;n;o;n 1
L;e;s;o;t;h;o 1
L;i;b;e;r;i;a 1
L;i;b;y;a 1
L;i;e;c;h;t;e;n;s;t;e;i;n 1
L;i;t;h;u;a;n;i;a 1
L;u;x;e;m;b;o;u;r;g 1
R;e;p;u;b;l;i;c; ;o;f; ;M;a;c;e;d;o;n;i;a 1
M;a;d;a;g;a;s;c;a;r 1
M;a;l;a;w;i 1
M;a;l;a;y;s;i;a 1
M;a;l;d;i;v;e;s 1
M;a;l;i 1
M;a;l;t;a 1
M;a;r;t;i;n;i;q;u;e 1
M;a;u;r;i;t;a;n;i;a 1
M;a;u;r;i;t;i;u;s 1
M;a;y;o;t;t;e 1
M;e;x;i;c;o 1
M;o;l;d;o;v;a;,; ;R;e;p;u;b;l;i;c; ;o;f 1
M;o;n;a;c;o 1
M;o;n;g;o;l;i;a 1
M;o;n;t;e;n;e;g;r;o 1
M;o;n;t;s;e;r;r;a;t 1
M;o;r;o;c;c;o 1
M;o;z;a;m;b;i;q;u;e 1
N;a;m;i;b;i;a 1
N;e;p;a;l 1
N;e;t;h;e;r;l;a;n;d;s 1
N;e;w; ;Z;e;a;l;a;n;d 1
N;i;c;a;r;a;g;u;a 1
N;i;g;e;r 1
N;i;g;e;r;i;a 1
K;o;r;e;a;,; ;D;e;m;o;c;r;a;t;i;c; ;R;e;p;u;b;l;i;c; ;o;f; ;(;N;o;r;t;h; ;K;o;r;e;a;) 1
N;o;r;w;a;y 1
O;m;a;n 1
P;a;c;i;f;i;c; ;I;s;l;a;n;d;s 1
P;a;k;i;s;t;a;n 1
P;a;n;a;m;a 1
P;a;p;u;a; ;N;e;w; ;G;u;i;n;e;a 1
P;a;r;a;g;u;a;y 1
P;e;r;u 1
P;h;i;l;i;p;p;i;n;e;s 1
P;o;l;a;n;d 1
P;o;r;t;u;g;a;l 1
P;u;e;r;t;o; ;R;i;c;o 1
Q;a;t;a;r 1
R;e;u;n;i;o;n 1
R;o;m;a;n;i;a 1
R;u;s;s;i;a;n; ;F;e;d;e;r;a;t;i;o;n 1
R;w;a;n;d;a 1
S;a;i;n;t; ;K;i;t;t;s; ;a;n;d; ;N;e;v;i;s 1
S;a;i;n;t; ;L;u;c;i;a 1
S;a;i;n;t; ;V;i;n;c;e;n;t;';s; ;&; ;G;r;e;n;a;d;i;n;e;s 1
S;a;m;o;a 1
S;a;o; ;T;o;m;e; ;a;n;d; ;P;r;i;n;c;i;p;e 1
S;a;u;d;i; ;A;r;a;b;i;a 1
S;e;n;e;g;a;l 1
S;e;r;b;i;a 1
S;e;y;c;h;e;l;l;e;s 1
S;i;e;r;r;a; ;L;e;o;n;e 1
S;i;n;g;a;p;o;r;e 1
S;l;o;v;a;k; ;R;e;p;u;b;l;i;c; ;(;S;l;o;v;a;k;i;a;) 1
S;l;o;v;e;n;i;a 1
S;o;l;o;m;o;n; ;I;s;l;a;n;d;s 1
S;o;m;a;l;i;a 1
S;o;u;t;h; ;A;f;r;i;c;a 1
K;o;r;e;a;,; ;R;e;p;u;b;l;i;c; ;o;f; ;(;S;o;u;t;h; ;K;o;r;e;a;) 1
S;o;u;t;h; ;S;u;d;a;n 1
S;p;a;i;n 1
S;r;i; ;L;a;n;k;a 1
S;u;d;a;n 1
S;u;r;i;n;a;m;e 1
S;w;a;z;i;l;a;n;d 1
S;w;e;d;e;n 1
S;w;i;t;z;e;r;l;a;n;d 1
S;y;r;i;a 1
T;a;j;i;k;i;s;t;a;n 1
T;a;n;z;a;n;i;a 1
T;h;a;i;l;a;n;d 1
T;i;m;o;r; ;L;e;s;t;e 1
T;o;g;o 1
T;r;i;n;i;d;a;d; ;&; ;T;o;b;a;g;o 1
T;u;n;i;s;i;a 1
T;u;r;k;e;y 1
T;u;r;k;m;e;n;i;s;t;a;n 1
T;u;r;k;s; ;&; ;C;a;i;c;o;s; ;I;s;l;a;n;d;s 1
U;g;a;n;d;a 1
U;k;r;a;i;n;e 1
U;n;i;t;e;d; ;A;r;a;b; ;E;m;i;r;a;t;e;s 1
U;n;i;t;e;d; ;S;t;a;t;e;s; ;o;f; ;A;m;e;r;i;c;a; ;(;U;S;A;) 1
U;r;u;g;u;a;y 1
U;z;b;e;k;i;s;t;a;n 1
V;e;n;e;z;u;e;l;a 1
V;i;e;t;n;a;m 1
V;i;r;g;i;n; ;I;s;l;a;n;d;s; ;(;U;K;) 1
V;i;r;g;i;n; ;I;s;l;a;n;d;s; ;(;U;S;) 1
Y;e;m;e;n 1
Z;a;m;b;i;a 1
Z;i;m;b;a;b;w;e 1
